<?xml version="1.0" encoding="UTF-8"?>
<!-- Generated by org.testng.reporters.JUnitReportReporter -->
<testsuite hostname="MSI" failures="0" tests="7" name="test1.CryptoWallet" time="2.577" errors="0" timestamp="2024-06-28T14:49:58 IST" skipped="6">
  <testcase classname="test1.CryptoWallet" name="availableCurrency" time="2.577"/>
  <system-out/>
  <testcase classname="test1.CryptoWallet" name="userLogin">
    <skipped/>
  </testcase> <!-- userLogin -->
  <system-out/>
  <testcase classname="test1.CryptoWallet" name="retriveBalance">
    <skipped/>
  </testcase> <!-- retriveBalance -->
  <system-out/>
  <testcase classname="test1.CryptoWallet" name="calculateTransaction">
    <skipped/>
  </testcase> <!-- calculateTransaction -->
  <system-out/>
  <testcase classname="test1.CryptoWallet" name="rejistereAUserAndCreateWallet">
    <skipped/>
  </testcase> <!-- rejistereAUserAndCreateWallet -->
  <system-out/>
  <testcase classname="test1.CryptoWallet" name="transfer5ETH">
    <skipped/>
  </testcase> <!-- transfer5ETH -->
  <system-out/>
  <testcase classname="test1.CryptoWallet" name="transactions">
    <skipped/>
  </testcase> <!-- transactions -->
  <system-out/>
</testsuite> <!-- test1.CryptoWallet -->
