<?xml version="1.0" encoding="UTF-8"?>
<!-- Generated by org.testng.reporters.JUnitReportReporter -->
<testsuite hostname="MSI" failures="0" tests="5" name="test1.ApiDemo" time="3.297" errors="0" timestamp="2024-06-28T21:00:31 IST" skipped="4">
  <testcase classname="test1.ApiDemo" name="putANewOrder" time="3.297"/>
  <system-out/>
  <testcase classname="test1.ApiDemo" name="getOrderDetails">
    <skipped/>
  </testcase> <!-- getOrderDetails -->
  <system-out/>
  <testcase classname="test1.ApiDemo" name="getAListOfCarts">
    <skipped/>
  </testcase> <!-- getAListOfCarts -->
  <system-out/>
  <testcase classname="test1.ApiDemo" name="getAListOfOrder">
    <skipped/>
  </testcase> <!-- getAListOfOrder -->
  <system-out/>
  <testcase classname="test1.ApiDemo" name="getAListOfRegisteredUsers">
    <skipped/>
  </testcase> <!-- getAListOfRegisteredUsers -->
  <system-out/>
</testsuite> <!-- test1.ApiDemo -->
